app/build/outputs/logs/manifest-merger-debug-report.txt
-- Merging decision tree log ---
manifest
ADDED from src\main\AndroidManifest.xml:2:1-78:12
	package
		ADDED from src\main\AndroidManifest.xml:4:5-35
		INJECTED from src\main\AndroidManifest.xml
		INJECTED from src\main\AndroidManifest.xml
	android:versionName
		INJECTED from src\main\AndroidManifest.xml
		INJECTED from src\main\AndroidManifest.xml
	xmlns:tools
		ADDED from src\main\AndroidManifest.xml:3:5-51
	xmlns:android
		ADDED from src\main\AndroidManifest.xml:2:11-69
	android:versionCode
		INJECTED from src\main\AndroidManifest.xml
		INJECTED from src\main\AndroidManifest.xml
uses-permission#android.permission.WRITE_EXTERNAL_STORAGE
ADDED from src\main\AndroidManifest.xml:6:5-81
	android:name
		ADDED from src\main\AndroidManifest.xml:6:22-78
uses-permission#android.permission.READ_EXTERNAL_STORAGE
ADDED from src\main\AndroidManifest.xml:7:5-80
	android:name
		ADDED from src\main\AndroidManifest.xml:7:22-77
uses-permission#android.permission.ACCESS_NETWORK_STATE
ADDED from src\main\AndroidManifest.xml:8:5-79
	android:name
		ADDED from src\main\AndroidManifest.xml:8:22-76
uses-permission#android.permission.ACCESS_WIFI_STATE
ADDED from src\main\AndroidManifest.xml:9:5-76
	android:name
		ADDED from src\main\AndroidManifest.xml:9:22-73
uses-permission#android.permission.CHANGE_WIFI_STATE
ADDED from src\main\AndroidManifest.xml:10:5-76
	android:name
		ADDED from src\main\AndroidManifest.xml:10:22-73
uses-permission#android.permission.INTERNET
ADDED from src\main\AndroidManifest.xml:11:5-67
	android:name
		ADDED from src\main\AndroidManifest.xml:11:22-64
uses-permission#android.permission.READ_PHONE_STATE
ADDED from src\main\AndroidManifest.xml:12:5-75
	android:name
		ADDED from src\main\AndroidManifest.xml:12:22-72
uses-permission#android.permission.CAMERA
ADDED from src\main\AndroidManifest.xml:13:5-65
	android:name
		ADDED from src\main\AndroidManifest.xml:13:22-62
uses-permission#android.permission.RECORD_AUDIO
ADDED from src\main\AndroidManifest.xml:14:5-71
	android:name
		ADDED from src\main\AndroidManifest.xml:14:22-68
uses-feature#android.hardware.camera
ADDED from src\main\AndroidManifest.xml:16:5-60
	android:name
		ADDED from src\main\AndroidManifest.xml:16:19-57
uses-feature#android.hardware.camera.autofocus
ADDED from src\main\AndroidManifest.xml:17:5-70
	android:name
		ADDED from src\main\AndroidManifest.xml:17:19-67
uses-permission#android.permission.GET_ACCOUNTS
ADDED from src\main\AndroidManifest.xml:20:5-71
	android:name
		ADDED from src\main\AndroidManifest.xml:20:22-68
uses-permission#android.permission.READ_PROFILE
ADDED from src\main\AndroidManifest.xml:21:5-71
	android:name
		ADDED from src\main\AndroidManifest.xml:21:22-68
uses-permission#android.permission.READ_CONTACTS
ADDED from src\main\AndroidManifest.xml:22:5-72
	android:name
		ADDED from src\main\AndroidManifest.xml:22:22-69
uses-permission#android.permission.CALL_PHONE
ADDED from src\main\AndroidManifest.xml:23:5-69
	android:name
		ADDED from src\main\AndroidManifest.xml:23:22-66
uses-permission#android.permission.BLUETOOTH
ADDED from src\main\AndroidManifest.xml:24:5-68
	android:name
		ADDED from src\main\AndroidManifest.xml:24:22-65
uses-permission#android.permission.BLUETOOTH_ADMIN
ADDED from src\main\AndroidManifest.xml:25:5-74
	android:name
		ADDED from src\main\AndroidManifest.xml:25:22-71
uses-permission#android.permission.ACCESS_FINE_LOCATION
ADDED from src\main\AndroidManifest.xml:28:5-79
	android:name
		ADDED from src\main\AndroidManifest.xml:28:22-76
uses-permission#android.permission.CHANGE_CONFIGURATION
ADDED from src\main\AndroidManifest.xml:29:5-79
	android:name
		ADDED from src\main\AndroidManifest.xml:29:22-76
uses-permission#android.permission.WAKE_LOCK
ADDED from src\main\AndroidManifest.xml:30:5-68
	android:name
		ADDED from src\main\AndroidManifest.xml:30:22-65
uses-permission#android.permission.WRITE_SETTINGS
ADDED from src\main\AndroidManifest.xml:31:5-73
	android:name
		ADDED from src\main\AndroidManifest.xml:31:22-70
uses-permission#android.permission.ACCESS_COARSE_LOCATION
ADDED from src\main\AndroidManifest.xml:32:5-81
	android:name
		ADDED from src\main\AndroidManifest.xml:32:22-78
application
ADDED from src\main\AndroidManifest.xml:35:5-75:19
MERGED from [com.android.support:appcompat-v7:25.1.0] AndroidManifest.xml:25:5-20
MERGED from [com.android.support:support-v4:25.1.1] AndroidManifest.xml:25:5-20
MERGED from [com.android.support:support-compat:25.1.1] AndroidManifest.xml:25:5-20
MERGED from [com.android.support:support-media-compat:25.1.1] AndroidManifest.xml:25:5-20
MERGED from [com.android.support:support-core-utils:25.1.1] AndroidManifest.xml:25:5-20
MERGED from [com.android.support:support-core-ui:25.1.1] AndroidManifest.xml:25:5-20
MERGED from [com.android.support:support-fragment:25.1.1] AndroidManifest.xml:25:5-20
MERGED from [com.android.support:support-vector-drawable:25.1.0] AndroidManifest.xml:23:5-20
MERGED from [com.android.support:animated-vector-drawable:25.1.0] AndroidManifest.xml:22:5-20
MERGED from [me.yokeyword:fragmentation:0.7.9] AndroidManifest.xml:9:5-12:19
MERGED from [com.tencent.bugly:crashreport_upgrade:1.3.0] AndroidManifest.xml:9:5-26:19
MERGED from [com.github.bumptech.glide:okhttp3-integration:1.4.0] AndroidManifest.xml:11:5-15:19
MERGED from [com.didikee:uitoast:0.1.0] AndroidManifest.xml:11:5-15:19
MERGED from [com.squareup.leakcanary:leakcanary-android:1.3] AndroidManifest.xml:24:5-46:19
	android:label
		ADDED from src\main\AndroidManifest.xml:40:9-41
	android:supportsRtl
		ADDED from src\main\AndroidManifest.xml:41:9-35
	android:hardwareAccelerated
		ADDED from src\main\AndroidManifest.xml:38:9-43
	android:allowBackup
		ADDED from src\main\AndroidManifest.xml:37:9-35
	android:icon
		ADDED from src\main\AndroidManifest.xml:39:9-45
	android:theme
		ADDED from src\main\AndroidManifest.xml:42:9-40
	tools:replace
		ADDED from src\main\AndroidManifest.xml:43:9-29
	android:name
		ADDED from src\main\AndroidManifest.xml:36:9-52
activity#com.yunqi.cardreader.ui.activity.MainActivity
ADDED from src\main\AndroidManifest.xml:45:9-53:20
	android:screenOrientation
		ADDED from src\main\AndroidManifest.xml:47:13-49
	android:name
		ADDED from src\main\AndroidManifest.xml:46:13-73
intent-filter#android.intent.action.MAIN+android.intent.category.LAUNCHER
ADDED from src\main\AndroidManifest.xml:48:13-52:29
action#android.intent.action.MAIN
ADDED from src\main\AndroidManifest.xml:49:17-69
	android:name
		ADDED from src\main\AndroidManifest.xml:49:25-66
category#android.intent.category.LAUNCHER
ADDED from src\main\AndroidManifest.xml:51:17-77
	android:name
		ADDED from src\main\AndroidManifest.xml:51:27-74
activity#com.yunqi.cardreader.ui.activity.LoginActivity
ADDED from src\main\AndroidManifest.xml:54:9-58:20
	android:screenOrientation
		ADDED from src\main\AndroidManifest.xml:56:13-49
	android:windowSoftInputMode
		ADDED from src\main\AndroidManifest.xml:57:13-64
	android:name
		ADDED from src\main\AndroidManifest.xml:55:13-74
activity#com.yunqi.cardreader.ui.activity.RegisterActivity
ADDED from src\main\AndroidManifest.xml:59:9-63:20
	android:screenOrientation
		ADDED from src\main\AndroidManifest.xml:61:13-49
	android:windowSoftInputMode
		ADDED from src\main\AndroidManifest.xml:62:13-64
	android:name
		ADDED from src\main\AndroidManifest.xml:60:13-77
provider#android.support.v4.content.FileProvider
ADDED from src\main\AndroidManifest.xml:65:9-73:20
	android:authorities
		ADDED from src\main\AndroidManifest.xml:67:13-60
		INJECTED from src\main\AndroidManifest.xml
	android:grantUriPermissions
		ADDED from src\main\AndroidManifest.xml:69:13-47
	android:exported
		ADDED from src\main\AndroidManifest.xml:68:13-37
	android:name
		ADDED from src\main\AndroidManifest.xml:66:13-67
meta-data#android.support.FILE_PROVIDER_PATHS
ADDED from src\main\AndroidManifest.xml:70:13-72:58
	android:resource
		ADDED from src\main\AndroidManifest.xml:72:17-55
	android:name
		ADDED from src\main\AndroidManifest.xml:71:17-67
uses-sdk
INJECTED from src\main\AndroidManifest.xml reason: use-sdk injection requested
MERGED from [com.android.support:appcompat-v7:25.1.0] AndroidManifest.xml:21:5-23:78
MERGED from [com.android.support:support-v4:25.1.1] AndroidManifest.xml:21:5-23:54
MERGED from [com.android.support:support-compat:25.1.1] AndroidManifest.xml:21:5-23:58
MERGED from [com.android.support:support-media-compat:25.1.1] AndroidManifest.xml:21:5-23:63
MERGED from [com.android.support:support-core-utils:25.1.1] AndroidManifest.xml:21:5-23:61
MERGED from [com.android.support:support-core-ui:25.1.1] AndroidManifest.xml:21:5-23:58
MERGED from [com.android.support:support-fragment:25.1.1] AndroidManifest.xml:21:5-23:60
MERGED from [com.android.support:support-vector-drawable:25.1.0] AndroidManifest.xml:21:5-43
MERGED from [com.android.support:animated-vector-drawable:25.1.0] AndroidManifest.xml:20:5-44
MERGED from [com.jakewharton:butterknife:8.2.1] AndroidManifest.xml:5:5-43
MERGED from [me.yokeyword:fragmentation:0.7.9] AndroidManifest.xml:5:5-7:41
MERGED from [com.tencent.bugly:crashreport_upgrade:1.3.0] AndroidManifest.xml:5:5-7:41
MERGED from [com.tencent.bugly:nativecrashreport:3.2.0] AndroidManifest.xml:5:5-7:41
MERGED from [com.github.bumptech.glide:okhttp3-integration:1.4.0] AndroidManifest.xml:7:5-9:41
MERGED from [com.jakewharton.rxbinding:rxbinding:0.4.0] AndroidManifest.xml:6:5-44
MERGED from [io.reactivex:rxandroid:1.1.0] AndroidManifest.xml:19:5-43
MERGED from [com.makeramen:roundedimageview:2.2.1] AndroidManifest.xml:7:5-43
MERGED from [com.github.CymChad:BaseRecyclerViewAdapterHelper:2.8.0] AndroidManifest.xml:7:5-9:41
MERGED from [com.android.support:recyclerview-v7:25.1.1] AndroidManifest.xml:20:5-43
MERGED from [com.didikee:uitoast:0.1.0] AndroidManifest.xml:7:5-9:41
MERGED from [com.squareup.leakcanary:leakcanary-android:1.3] AndroidManifest.xml:20:5-22:41
	tools:overrideLibrary
		ADDED from [com.android.support:appcompat-v7:25.1.0] AndroidManifest.xml:23:9-75
	android:targetSdkVersion
		INJECTED from src\main\AndroidManifest.xml
		INJECTED from src\main\AndroidManifest.xml
	android:minSdkVersion
		INJECTED from src\main\AndroidManifest.xml
		INJECTED from src\main\AndroidManifest.xml
service#com.tencent.bugly.beta.tinker.TinkerResultService
ADDED from [com.tencent.bugly:crashreport_upgrade:1.3.0] AndroidManifest.xml:12:9-14:40
	android:exported
		ADDED from [com.tencent.bugly:crashreport_upgrade:1.3.0] AndroidManifest.xml:14:13-37
	android:name
		ADDED from [com.tencent.bugly:crashreport_upgrade:1.3.0] AndroidManifest.xml:13:13-77
service#com.tencent.tinker.lib.service.TinkerPatchService
ADDED from [com.tencent.bugly:crashreport_upgrade:1.3.0] AndroidManifest.xml:15:9-18:40
	android:process
		ADDED from [com.tencent.bugly:crashreport_upgrade:1.3.0] AndroidManifest.xml:18:13-37
	android:exported
		ADDED from [com.tencent.bugly:crashreport_upgrade:1.3.0] AndroidManifest.xml:17:13-37
	android:name
		ADDED from [com.tencent.bugly:crashreport_upgrade:1.3.0] AndroidManifest.xml:16:13-77
service#com.tencent.tinker.lib.service.TinkerPatchService$InnerService
ADDED from [com.tencent.bugly:crashreport_upgrade:1.3.0] AndroidManifest.xml:19:9-22:40
	android:process
		ADDED from [com.tencent.bugly:crashreport_upgrade:1.3.0] AndroidManifest.xml:22:13-37
	android:exported
		ADDED from [com.tencent.bugly:crashreport_upgrade:1.3.0] AndroidManifest.xml:21:13-37
	android:name
		ADDED from [com.tencent.bugly:crashreport_upgrade:1.3.0] AndroidManifest.xml:20:13-90
service#com.tencent.tinker.lib.service.DefaultTinkerResultService
ADDED from [com.tencent.bugly:crashreport_upgrade:1.3.0] AndroidManifest.xml:23:9-25:40
	android:exported
		ADDED from [com.tencent.bugly:crashreport_upgrade:1.3.0] AndroidManifest.xml:25:13-37
	android:name
		ADDED from [com.tencent.bugly:crashreport_upgrade:1.3.0] AndroidManifest.xml:24:13-85
meta-data#com.bumptech.glide.integration.okhttp3.OkHttpGlideModule
ADDED from [com.github.bumptech.glide:okhttp3-integration:1.4.0] AndroidManifest.xml:12:9-14:43
	android:value
		ADDED from [com.github.bumptech.glide:okhttp3-integration:1.4.0] AndroidManifest.xml:14:13-40
	android:name
		ADDED from [com.github.bumptech.glide:okhttp3-integration:1.4.0] AndroidManifest.xml:13:13-84
service#com.squareup.leakcanary.internal.HeapAnalyzerService
ADDED from [com.squareup.leakcanary:leakcanary-android:1.3] AndroidManifest.xml:25:9-28:45
	android:enabled
		ADDED from [com.squareup.leakcanary:leakcanary-android:1.3] AndroidManifest.xml:27:13-36
	android:process
		ADDED from [com.squareup.leakcanary:leakcanary-android:1.3] AndroidManifest.xml:28:13-42
	android:name
		ADDED from [com.squareup.leakcanary:leakcanary-android:1.3] AndroidManifest.xml:26:13-80
service#com.squareup.leakcanary.DisplayLeakService
ADDED from [com.squareup.leakcanary:leakcanary-android:1.3] AndroidManifest.xml:29:9-31:39
	android:enabled
		ADDED from [com.squareup.leakcanary:leakcanary-android:1.3] AndroidManifest.xml:31:13-36
	android:name
		ADDED from [com.squareup.leakcanary:leakcanary-android:1.3] AndroidManifest.xml:30:13-70
activity#com.squareup.leakcanary.internal.DisplayLeakActivity
ADDED from [com.squareup.leakcanary:leakcanary-android:1.3] AndroidManifest.xml:33:9-45:20
	android:enabled
		ADDED from [com.squareup.leakcanary:leakcanary-android:1.3] AndroidManifest.xml:35:13-36
	android:label
		ADDED from [com.squareup.leakcanary:leakcanary-android:1.3] AndroidManifest.xml:37:13-73
	android:icon
		ADDED from [com.squareup.leakcanary:leakcanary-android:1.3] AndroidManifest.xml:36:13-56
	android:theme
		ADDED from [com.squareup.leakcanary:leakcanary-android:1.3] AndroidManifest.xml:39:13-53
	android:taskAffinity
		ADDED from [com.squareup.leakcanary:leakcanary-android:1.3] AndroidManifest.xml:38:13-59
	android:name
		ADDED from [com.squareup.leakcanary:leakcanary-android:1.3] AndroidManifest.xml:34:13-80